 
****************************************
Report : area
Design : dlx
Version: S-2021.06-SP4
Date   : Sun Sep 17 14:03:48 2023
****************************************

Library(s) Used:

    NangateOpenCellLibrary (File: /home/mariagrazia.graziano/do/libnangate/NangateOpenCellLibrary_typical_ecsm.db)

Number of ports:                         6631
Number of nets:                         15036
Number of cells:                         8008
Number of combinational cells:           5963
Number of sequential cells:              1477
Number of macros/black boxes:               0
Number of buf/inv:                       1008
Number of references:                       2

Combinational area:               7385.224057
Buf/Inv area:                      684.151990
Noncombinational area:            6904.295886
Macro/Black Box area:                0.000000
Net Interconnect area:      undefined  (Wire load has zero net area)

Total cell area:                 14289.519943
Total area:                 undefined
1
